-> POST /v1/api/iserver/auth/status
<- 401 POST /v1/api/iserver/auth/status
-> GET /sso/Login?forwardTo=22&RL=1&ip2loc=US
<- 200 GET /sso/Login?forwardTo=22&RL=1&ip2loc=US
-> GET /css/bootstrap-5.2.2/bootstrap.min.css
-> GET /css/fontawesome-6.4.2/all.min.css
-> GET /css/bootstrap-switch-3.3.2/bootstrap-switch.min.css
-> GET /css/reg-am/login.min.css
-> GET /css/ibkr/theme-ibkr-portal.min.css
-> GET /scripts/common/js/jquery-3.7.0/jquery.min.js
<- 200 GET /css/bootstrap-5.2.2/bootstrap.min.css
<- 200 GET /css/bootstrap-switch-3.3.2/bootstrap-switch.min.css
-> GET /scripts/common/js/bootstrap-5.2.2/bootstrap.bundle.min.js
-> GET /sso/lib/xyz.bundle.min.js
<- 200 GET /css/reg-am/login.min.css
<- 200 GET /css/fontawesome-6.4.2/all.min.css
<- 200 GET /css/ibkr/theme-ibkr-portal.min.css
<- 200 GET /scripts/common/js/bootstrap-5.2.2/bootstrap.bundle.min.js
<- 200 GET /scripts/common/js/jquery-3.7.0/jquery.min.js
<- 200 GET /sso/lib/xyz.bundle.min.js
-> GET /images/common/logos/ibkr/interactive-brokers.svg
-> GET /fonts/proxima-nova/Proxima-Nova-Regular.woff2
-> GET /fonts/fontawesome-6.4.2/webfonts/fa-solid-900.woff2
-> GET /fonts/fontawesome-6.4.2/webfonts/fa-brands-400.woff2
-> GET /fonts/proxima-nova/Proxima-Nova-Semibold.woff2
<- 200 GET /images/common/logos/ibkr/interactive-brokers.svg
-> POST /sso/report
-> POST /portal.proxy/v1/gstat/bulletins
<- 200 GET /fonts/proxima-nova/Proxima-Nova-Regular.woff2
<- 200 GET /fonts/proxima-nova/Proxima-Nova-Semibold.woff2
<- 200 GET /fonts/fontawesome-6.4.2/webfonts/fa-brands-400.woff2
-> POST /sso/Authenticator
-> POST /v1/api/iserver/auth/status
<- 204 POST /portal.proxy/v1/gstat/bulletins
<- 200 POST /sso/report
<- 200 GET /fonts/fontawesome-6.4.2/webfonts/fa-solid-900.woff2
<- 200 POST /sso/Authenticator
-> POST /sso/Authenticator
-> GET /images/web/favicons/home-screen-icon-128x128.png
<- 200 GET /images/web/favicons/home-screen-icon-128x128.png
<- 401 POST /v1/api/iserver/auth/status
<- 200 POST /sso/Authenticator
-> GET /sso/Login?forwardTo=22&RL=1&ip2loc=US
<- 200 GET /sso/Login?forwardTo=22&RL=1&ip2loc=US
-> GET /css/bootstrap-5.2.2/bootstrap.min.css
-> GET /css/fontawesome-6.4.2/all.min.css
-> GET /css/bootstrap-switch-3.3.2/bootstrap-switch.min.css
-> GET /css/reg-am/login.min.css
-> GET /css/ibkr/theme-ibkr-portal.min.css
-> GET /scripts/common/js/jquery-3.7.0/jquery.min.js
<- 200 GET /css/bootstrap-5.2.2/bootstrap.min.css
<- 200 GET /css/fontawesome-6.4.2/all.min.css
<- 200 GET /css/bootstrap-switch-3.3.2/bootstrap-switch.min.css
-> GET /scripts/common/js/bootstrap-5.2.2/bootstrap.bundle.min.js
-> GET /sso/lib/xyz.bundle.min.js
<- 200 GET /css/reg-am/login.min.css
<- 200 GET /scripts/common/js/jquery-3.7.0/jquery.min.js
<- 200 GET /sso/lib/xyz.bundle.min.js
<- 200 GET /scripts/common/js/bootstrap-5.2.2/bootstrap.bundle.min.js
<- 200 GET /css/ibkr/theme-ibkr-portal.min.css
-> GET /images/common/logos/ibkr/interactive-brokers.svg
-> GET /fonts/proxima-nova/Proxima-Nova-Regular.woff2
-> GET /fonts/fontawesome-6.4.2/webfonts/fa-solid-900.woff2
-> GET /fonts/fontawesome-6.4.2/webfonts/fa-brands-400.woff2
-> GET /fonts/proxima-nova/Proxima-Nova-Semibold.woff2
-> POST /sso/report
<- 200 GET /fonts/proxima-nova/Proxima-Nova-Regular.woff2
<- 200 GET /fonts/fontawesome-6.4.2/webfonts/fa-solid-900.woff2
<- 200 GET /fonts/proxima-nova/Proxima-Nova-Semibold.woff2
-> POST /portal.proxy/v1/gstat/bulletins
<- 200 GET /images/common/logos/ibkr/interactive-brokers.svg
<- 200 GET /fonts/fontawesome-6.4.2/webfonts/fa-brands-400.woff2
-> GET /images/web/favicons/home-screen-icon-128x128.png
<- 200 GET /images/web/favicons/home-screen-icon-128x128.png
<- 204 POST /portal.proxy/v1/gstat/bulletins
<- 200 POST /sso/report
-> POST /sso/Authenticator
-> POST /v1/api/iserver/auth/status
<- 401 POST /v1/api/iserver/auth/status
<- 200 POST /sso/Authenticator
-> POST /sso/Authenticator
<- 200 POST /sso/Authenticator
-> POST /sso/Authenticator
<- 200 POST /sso/Authenticator
-> GET /fonts/proxima-nova/proximanova-extrabold.woff2
<- 200 GET /fonts/proxima-nova/proximanova-extrabold.woff2
-> POST /sso/Authenticator
-> POST /v1/api/iserver/auth/status
<- 200 POST /sso/Authenticator
<- 401 POST /v1/api/iserver/auth/status
-> POST /sso/Authenticator
<- 200 POST /sso/Authenticator
-> POST /v1/api/iserver/auth/status
-> POST /sso/Authenticator
<- 401 POST /v1/api/iserver/auth/status
<- 200 POST /sso/Authenticator
-> POST /sso/Authenticator
<- 200 POST /sso/Authenticator
-> GET /sso/Login?forwardTo=22&RL=1&ip2loc=US
<- 200 GET /sso/Login?forwardTo=22&RL=1&ip2loc=US
-> GET /css/bootstrap-5.2.2/bootstrap.min.css
-> GET /css/fontawesome-6.4.2/all.min.css
-> GET /css/bootstrap-switch-3.3.2/bootstrap-switch.min.css
-> GET /css/reg-am/login.min.css
-> GET /css/ibkr/theme-ibkr-portal.min.css
-> GET /scripts/common/js/jquery-3.7.0/jquery.min.js
<- 200 GET /css/fontawesome-6.4.2/all.min.css
<- 200 GET /css/bootstrap-5.2.2/bootstrap.min.css
-> GET /scripts/common/js/bootstrap-5.2.2/bootstrap.bundle.min.js
<- 200 GET /css/bootstrap-switch-3.3.2/bootstrap-switch.min.css
-> GET /sso/lib/xyz.bundle.min.js
<- 200 GET /css/ibkr/theme-ibkr-portal.min.css
<- 200 GET /css/reg-am/login.min.css
<- 200 GET /scripts/common/js/jquery-3.7.0/jquery.min.js
<- 200 GET /sso/lib/xyz.bundle.min.js
<- 200 GET /scripts/common/js/bootstrap-5.2.2/bootstrap.bundle.min.js
-> GET /images/common/logos/ibkr/interactive-brokers.svg
-> GET /fonts/proxima-nova/Proxima-Nova-Regular.woff2
-> GET /fonts/fontawesome-6.4.2/webfonts/fa-solid-900.woff2
-> GET /fonts/fontawesome-6.4.2/webfonts/fa-brands-400.woff2
-> GET /fonts/proxima-nova/Proxima-Nova-Semibold.woff2
-> POST /sso/report
<- 200 GET /fonts/proxima-nova/Proxima-Nova-Regular.woff2
-> POST /portal.proxy/v1/gstat/bulletins
<- 200 GET /fonts/proxima-nova/Proxima-Nova-Semibold.woff2
<- 200 GET /images/common/logos/ibkr/interactive-brokers.svg
<- 200 GET /fonts/fontawesome-6.4.2/webfonts/fa-solid-900.woff2
<- 200 GET /fonts/fontawesome-6.4.2/webfonts/fa-brands-400.woff2
-> GET /images/web/favicons/home-screen-icon-128x128.png
<- 200 GET /images/web/favicons/home-screen-icon-128x128.png
-> POST /sso/Authenticator
-> POST /v1/api/iserver/auth/status
<- 204 POST /portal.proxy/v1/gstat/bulletins
<- 401 POST /v1/api/iserver/auth/status
<- 200 POST /sso/report
<- 200 POST /sso/Authenticator
-> POST /sso/Authenticator
<- 200 POST /sso/Authenticator
-> POST /sso/Authenticator
<- 200 POST /sso/Authenticator
-> GET /fonts/proxima-nova/proximanova-extrabold.woff2
<- 200 GET /fonts/proxima-nova/proximanova-extrabold.woff2
-> POST /sso/Authenticator
-> POST /v1/api/iserver/auth/status
<- 401 POST /v1/api/iserver/auth/status
<- 200 POST /sso/Authenticator
-> POST /sso/Dispatcher
<- 302 POST /sso/Dispatcher
-> request: /v1/api/sso/validate?gw=1
-> GET /v1/api/sso/validate?gw=1,200|610ms
-> request: /v1/api/one/user
-> request: /v1/api/ssodh/init
-> sso GET https://api.ibkr.com/v1/api/ssodh/init
-> GET /v1/api/one/user,200|1117ms
-> request: /v1/api/ssodh/st
-> sso GET https://api.ibkr.com/v1/api/ssodh/st
-> request: /sso/Authenticator?ACTION=PUBLISH_TST&RESP_TYPE=JSON&DEVICE_ID=2cb2253b|DA-0E-AD-F8-8A-A7
-> sso GET https://api.ibkr.com/sso/Authenticator?ACTION=PUBLISH_TST&RESP_TYPE=JSON&DEVICE_ID=2cb2253b|DA-0E-AD-F8-8A-A7
<- 200 GET https://api.ibkr.com/sso/Authenticator?ACTION=PUBLISH_TST&RESP_TYPE=JSON&DEVICE_ID=2cb2253b|DA-0E-AD-F8-8A-A7 0
-> POST /v1/api/iserver/auth/status
<- 200 POST /v1/api/iserver/auth/status
-> request: /v1/api/iserver/auth/status
-> GET /v1/api/iserver/auth/status,200|259ms
-> request: /v1/api/iserver/auth/ssodh/init
-> POST https://api.ibkr.com/v1/api/iserver/auth/ssodh/init,200|1219ms
-> request: /v1/api/iserver/accounts
-> GET /v1/api/iserver/accounts,200|297ms
-> POST /v1/api/iserver/auth/status
<- 200 POST /v1/api/iserver/auth/status
-> request: /v1/api/tickle
-> GET /v1/api/tickle,200|400ms
-> request: /v1/api/tickle
-> GET /v1/api/tickle,200|260ms
-> request: /v1/api/tickle
-> GET /v1/api/tickle,200|271ms
-> POST /v1/api/iserver/auth/status
<- 200 POST /v1/api/iserver/auth/status
-> request: /v1/api/tickle
-> GET /v1/api/tickle,200|321ms
-> request: /v1/api/tickle
-> GET /v1/api/tickle,200|311ms
-> POST /v1/api/iserver/auth/status
<- 200 POST /v1/api/iserver/auth/status
-> GET /v1/api/portfolio/accounts
<- 200 GET /v1/api/portfolio/accounts
-> GET /v1/api/iserver/accounts
<- 200 GET /v1/api/iserver/accounts
-> GET /v1/api/iserver/accounts
<- 200 GET /v1/api/iserver/accounts
-> GET /v1/api/iserver/secdef/search?symbol=AAPL
<- 200 GET /v1/api/iserver/secdef/search?symbol=AAPL
-> GET /v1/api/iserver/account/orders?force=false
<- 200 GET /v1/api/iserver/account/orders?force=false
-> request: /v1/api/tickle
-> GET /v1/api/tickle,200|240ms
-> request: /v1/api/tickle
-> GET /v1/api/tickle,200|261ms
-> request: /v1/api/tickle
-> GET /v1/api/tickle,200|240ms
-> request: /v1/api/tickle
-> GET /v1/api/tickle,200|428ms
-> request: /sso/ping
-> GET /sso/ping,200|738ms
-> request: /v1/api/tickle
-> GET /v1/api/tickle,200|250ms
-> request: /v1/api/tickle
-> GET /v1/api/tickle,200|321ms
-> request: /v1/api/tickle
-> GET /v1/api/tickle,200|333ms
-> request: /v1/api/tickle
-> GET /v1/api/tickle,200|339ms
-> request: /v1/api/tickle
-> GET /v1/api/tickle,200|443ms
-> request: /v1/api/tickle
-> GET /v1/api/tickle,200|742ms
-> request: /v1/api/tickle
-> GET /v1/api/tickle,200|347ms
-> request: /v1/api/tickle
-> GET /v1/api/tickle,200|257ms
-> POST /v1/api/iserver/auth/status
<- 200 POST /v1/api/iserver/auth/status
-> POST /v1/api/iserver/auth/status
<- 200 POST /v1/api/iserver/auth/status
-> GET /v1/api/portfolio/accounts
<- 200 GET /v1/api/portfolio/accounts
-> GET /v1/api/iserver/accounts
<- 200 GET /v1/api/iserver/accounts
-> GET /v1/api/portfolio/U6104114/summary
-> request: /v1/api/tickle
-> GET /v1/api/tickle,200|242ms
<- 200 GET /v1/api/portfolio/U6104114/summary
-> GET /v1/api/iserver/accounts
<- 200 GET /v1/api/iserver/accounts
-> GET /v1/api/portfolio2/U6104114/positions
<- 200 GET /v1/api/portfolio2/U6104114/positions
-> GET /v1/api/iserver/secdef/search?symbol=AAPL
<- 200 GET /v1/api/iserver/secdef/search?symbol=AAPL
-> GET /v1/api/iserver/account/orders?force=false
<- 200 GET /v1/api/iserver/account/orders?force=false
-> POST /v1/api/iserver/auth/status
<- 200 POST /v1/api/iserver/auth/status
-> GET /v1/api/portfolio/accounts
<- 200 GET /v1/api/portfolio/accounts
-> GET /v1/api/iserver/accounts
<- 200 GET /v1/api/iserver/accounts
-> GET /v1/api/portfolio/U6104114/summary
<- 200 GET /v1/api/portfolio/U6104114/summary
-> GET /v1/api/iserver/accounts
<- 200 GET /v1/api/iserver/accounts
-> GET /v1/api/portfolio2/U6104114/positions
<- 200 GET /v1/api/portfolio2/U6104114/positions
-> GET /v1/api/iserver/secdef/search?symbol=AAPL
<- 200 GET /v1/api/iserver/secdef/search?symbol=AAPL
-> GET /v1/api/iserver/account/orders?force=false
<- 200 GET /v1/api/iserver/account/orders?force=false
-> request: /v1/api/tickle
-> GET /v1/api/tickle,200|255ms
-> request: /sso/ping
-> GET /sso/ping,200|566ms
-> POST /v1/api/iserver/auth/status
<- 200 POST /v1/api/iserver/auth/status
-> GET /v1/api/portfolio/accounts
<- 200 GET /v1/api/portfolio/accounts
-> GET /v1/api/iserver/accounts
<- 200 GET /v1/api/iserver/accounts
-> GET /v1/api/portfolio/U6104114/summary
<- 200 GET /v1/api/portfolio/U6104114/summary
-> GET /v1/api/iserver/accounts
<- 200 GET /v1/api/iserver/accounts
-> GET /v1/api/portfolio2/U6104114/positions
<- 200 GET /v1/api/portfolio2/U6104114/positions
-> GET /v1/api/iserver/secdef/search?symbol=AAPL
-> request: /v1/api/tickle
<- 200 GET /v1/api/iserver/secdef/search?symbol=AAPL
-> GET /v1/api/iserver/account/orders?force=false
-> GET /v1/api/tickle,200|272ms
<- 200 GET /v1/api/iserver/account/orders?force=false
-> request: /v1/api/tickle
-> GET /v1/api/tickle,200|363ms
-> request: /v1/api/tickle
-> GET /v1/api/tickle,200|367ms
-> request: /v1/api/tickle
-> GET /v1/api/tickle,200|313ms
-> POST /v1/api/iserver/auth/status
<- 200 POST /v1/api/iserver/auth/status
-> GET /v1/api/portfolio/accounts
<- 200 GET /v1/api/portfolio/accounts
-> GET /v1/api/iserver/accounts
<- 200 GET /v1/api/iserver/accounts
-> GET /v1/api/portfolio/U6104114/summary
<- 200 GET /v1/api/portfolio/U6104114/summary
-> GET /v1/api/iserver/accounts
<- 200 GET /v1/api/iserver/accounts
-> GET /v1/api/portfolio2/U6104114/positions
<- 200 GET /v1/api/portfolio2/U6104114/positions
-> GET /v1/api/iserver/secdef/search?symbol=AAPL
<- 200 GET /v1/api/iserver/secdef/search?symbol=AAPL
-> GET /v1/api/iserver/account/orders?force=false
<- 200 GET /v1/api/iserver/account/orders?force=false
-> request: /v1/api/tickle
-> GET /v1/api/tickle,200|270ms
-> POST /v1/api/iserver/auth/status
<- 200 POST /v1/api/iserver/auth/status
-> GET /v1/api/portfolio/accounts
<- 200 GET /v1/api/portfolio/accounts
-> GET /v1/api/iserver/accounts
<- 200 GET /v1/api/iserver/accounts
-> GET /v1/api/portfolio/U6104114/summary
<- 200 GET /v1/api/portfolio/U6104114/summary
-> GET /v1/api/iserver/accounts
<- 200 GET /v1/api/iserver/accounts
-> GET /v1/api/portfolio2/U6104114/positions
<- 200 GET /v1/api/portfolio2/U6104114/positions
-> GET /v1/api/iserver/secdef/search?symbol=AAPL
<- 200 GET /v1/api/iserver/secdef/search?symbol=AAPL
-> GET /v1/api/iserver/account/orders?force=false
<- 200 GET /v1/api/iserver/account/orders?force=false
-> POST /v1/api/iserver/auth/status
<- 200 POST /v1/api/iserver/auth/status
-> GET /v1/api/portfolio/accounts
<- 200 GET /v1/api/portfolio/accounts
-> GET /v1/api/iserver/accounts
<- 200 GET /v1/api/iserver/accounts
-> GET /v1/api/portfolio/U6104114/summary
<- 200 GET /v1/api/portfolio/U6104114/summary
-> GET /v1/api/iserver/accounts
<- 200 GET /v1/api/iserver/accounts
-> GET /v1/api/portfolio2/U6104114/positions
<- 200 GET /v1/api/portfolio2/U6104114/positions
-> GET /v1/api/iserver/secdef/search?symbol=AAPL
<- 200 GET /v1/api/iserver/secdef/search?symbol=AAPL
-> GET /v1/api/iserver/account/orders?force=false
<- 200 GET /v1/api/iserver/account/orders?force=false
-> request: /v1/api/tickle
-> GET /v1/api/tickle,200|282ms
-> request: /v1/api/tickle
-> GET /v1/api/tickle,200|382ms
-> request: /v1/api/tickle
-> GET /v1/api/tickle,200|382ms
-> request: /v1/api/tickle
-> GET /v1/api/tickle,200|385ms
-> request: /v1/api/tickle
-> GET /v1/api/tickle,200|343ms
-> request: /sso/ping
-> GET /sso/ping,200|701ms
-> POST /v1/api/iserver/auth/status
-> request: /v1/api/tickle
<- 200 POST /v1/api/iserver/auth/status
-> GET /v1/api/portfolio/accounts
-> GET /v1/api/tickle,200|263ms
<- 200 GET /v1/api/portfolio/accounts
-> GET /v1/api/iserver/accounts
<- 200 GET /v1/api/iserver/accounts
-> GET /v1/api/portfolio/U6104114/summary
<- 200 GET /v1/api/portfolio/U6104114/summary
-> GET /v1/api/iserver/account/pnl/partitioned
<- 200 GET /v1/api/iserver/account/pnl/partitioned
-> GET /v1/api/iserver/accounts
<- 200 GET /v1/api/iserver/accounts
-> GET /v1/api/portfolio2/U6104114/positions
<- 200 GET /v1/api/portfolio2/U6104114/positions
-> GET /v1/api/iserver/secdef/search?symbol=AAPL
<- 200 GET /v1/api/iserver/secdef/search?symbol=AAPL
-> GET /v1/api/iserver/account/orders?force=false
<- 200 GET /v1/api/iserver/account/orders?force=false
-> GET /v1/api/iserver/account/pnl/partitioned
<- 200 GET /v1/api/iserver/account/pnl/partitioned
-> request: /v1/api/tickle
-> GET /v1/api/tickle,200|293ms
-> POST /v1/api/iserver/auth/status
<- 200 POST /v1/api/iserver/auth/status
-> GET /v1/api/portfolio/accounts
<- 200 GET /v1/api/portfolio/accounts
-> GET /v1/api/iserver/accounts
<- 200 GET /v1/api/iserver/accounts
-> GET /v1/api/portfolio/U6104114/summary
<- 200 GET /v1/api/portfolio/U6104114/summary
-> GET /v1/api/iserver/account/pnl/partitioned
<- 200 GET /v1/api/iserver/account/pnl/partitioned
-> GET /v1/api/iserver/accounts
<- 200 GET /v1/api/iserver/accounts
-> GET /v1/api/portfolio2/U6104114/positions
<- 200 GET /v1/api/portfolio2/U6104114/positions
-> GET /v1/api/iserver/secdef/search?symbol=AAPL
<- 200 GET /v1/api/iserver/secdef/search?symbol=AAPL
-> request: /v1/api/tickle
-> GET /v1/api/iserver/account/orders?force=false
-> GET /v1/api/tickle,200|297ms
<- 200 GET /v1/api/iserver/account/orders?force=false
-> request: /v1/api/tickle
-> GET /v1/api/tickle,200|299ms
-> request: /v1/api/tickle
-> GET /v1/api/tickle,200|814ms
-> request: /v1/api/tickle
-> GET /v1/api/tickle,200|292ms
-> request: /v1/api/tickle
-> GET /v1/api/tickle,200|412ms
-> request: /v1/api/tickle
-> GET /v1/api/tickle,200|312ms
-> request: /v1/api/tickle
-> GET /v1/api/tickle,200|244ms
-> request: /v1/api/tickle
-> GET /v1/api/tickle,200|328ms
-> request: /sso/ping
-> GET /sso/ping,200|736ms
-> request: /v1/api/tickle
-> GET /v1/api/tickle,200|514ms
-> POST /v1/api/iserver/auth/status
<- 200 POST /v1/api/iserver/auth/status
-> GET /v1/api/portfolio/accounts
<- 200 GET /v1/api/portfolio/accounts
-> GET /v1/api/iserver/accounts
<- 200 GET /v1/api/iserver/accounts
-> GET /v1/api/portfolio/U6104114/summary
<- 200 GET /v1/api/portfolio/U6104114/summary
-> GET /v1/api/iserver/account/pnl/partitioned
<- 200 GET /v1/api/iserver/account/pnl/partitioned
-> GET /v1/api/iserver/accounts
<- 200 GET /v1/api/iserver/accounts
-> GET /v1/api/portfolio2/U6104114/positions
-> request: /v1/api/tickle
-> GET /v1/api/tickle,200|325ms
<- 200 GET /v1/api/portfolio2/U6104114/positions
-> GET /v1/api/iserver/secdef/search?symbol=AAPL
<- 200 GET /v1/api/iserver/secdef/search?symbol=AAPL
-> GET /v1/api/iserver/account/orders?force=false
<- 200 GET /v1/api/iserver/account/orders?force=false
-> request: /v1/api/tickle
-> GET /v1/api/tickle,200|294ms
-> request: /v1/api/tickle
-> GET /v1/api/tickle,200|274ms
-> request: /v1/api/tickle
-> GET /v1/api/tickle,200|264ms
-> request: /v1/api/tickle
-> GET /v1/api/tickle,200|234ms
-> request: /v1/api/tickle
-> GET /v1/api/tickle,200|764ms
